The system is: Linux - 4.18.0-425.3.1.el8.x86_64 - x86_64
Compiling the CXX compiler identification source file "CMakeCXXCompilerId.cpp" succeeded.
Compiler: /pkg/compiler/intel/2024/mpi/2021.11/bin/mpicxx 
Build flags: 
Id flags:  

The output was:
0


Compilation of the CXX compiler identification source "CMakeCXXCompilerId.cpp" produced "a.out"

The CXX compiler identification is GNU, found in "/home/u8880716/miniWeather/c/build/CMakeFiles/3.20.2/CompilerIdCXX/a.out"

Detecting CXX compiler ABI info compiled with the following output:
Change Dir: /home/u8880716/miniWeather/c/build/CMakeFiles/CMakeTmp

Run Build Command(s):/usr/bin/gmake -f Makefile cmTC_48dd1/fast && /usr/bin/gmake  -f CMakeFiles/cmTC_48dd1.dir/build.make CMakeFiles/cmTC_48dd1.dir/build
gmake[1]: Entering directory '/home/u8880716/miniWeather/c/build/CMakeFiles/CMakeTmp'
Building CXX object CMakeFiles/cmTC_48dd1.dir/CMakeCXXCompilerABI.cpp.o
/pkg/compiler/intel/2024/mpi/2021.11/bin/mpicxx   -v -o CMakeFiles/cmTC_48dd1.dir/CMakeCXXCompilerABI.cpp.o -c /usr/share/cmake/Modules/CMakeCXXCompilerABI.cpp
mpigxx for the Intel(R) MPI Library 2021.11 for Linux*
Copyright Intel Corporation.
Using built-in specs.
COLLECT_GCC=g++
OFFLOAD_TARGET_NAMES=nvptx-none
OFFLOAD_TARGET_DEFAULT=1
Target: x86_64-redhat-linux
Configured with: ../configure --enable-bootstrap --enable-languages=c,c++,fortran,lto --prefix=/usr --mandir=/usr/share/man --infodir=/usr/share/info --with-bugurl=http://bugzilla.redhat.com/bugzilla --enable-shared --enable-threads=posix --enable-checking=release --enable-multilib --with-system-zlib --enable-__cxa_atexit --disable-libunwind-exceptions --enable-gnu-unique-object --enable-linker-build-id --with-gcc-major-version-only --with-linker-hash-style=gnu --enable-plugin --enable-initfini-array --with-isl --disable-libmpx --enable-offload-targets=nvptx-none --without-cuda-driver --enable-gnu-indirect-function --enable-cet --with-tune=generic --with-arch_32=x86-64 --build=x86_64-redhat-linux
Thread model: posix
gcc version 8.5.0 20210514 (Red Hat 8.5.0-15) (GCC) 
COLLECT_GCC_OPTIONS='-v' '-o' 'CMakeFiles/cmTC_48dd1.dir/CMakeCXXCompilerABI.cpp.o' '-c' '-I' '/pkg/compiler/intel/2024/mpi/2021.11/include' '-shared-libgcc' '-mtune=generic' '-march=x86-64'
 /usr/libexec/gcc/x86_64-redhat-linux/8/cc1plus -quiet -v -I /pkg/compiler/intel/2024/mpi/2021.11/include -D_GNU_SOURCE /usr/share/cmake/Modules/CMakeCXXCompilerABI.cpp -quiet -dumpbase CMakeCXXCompilerABI.cpp -mtune=generic -march=x86-64 -auxbase-strip CMakeFiles/cmTC_48dd1.dir/CMakeCXXCompilerABI.cpp.o -version -o /tmp/ccibNVxX.s
GNU C++14 (GCC) version 8.5.0 20210514 (Red Hat 8.5.0-15) (x86_64-redhat-linux)
	compiled by GNU C version 8.5.0 20210514 (Red Hat 8.5.0-15), GMP version 6.1.2, MPFR version 3.1.6-p2, MPC version 1.1.0, isl version isl-0.16.1-GMP

GGC heuristics: --param ggc-min-expand=100 --param ggc-min-heapsize=131072
ignoring nonexistent directory "/usr/lib/gcc/x86_64-redhat-linux/8/include-fixed"
ignoring nonexistent directory "/usr/lib/gcc/x86_64-redhat-linux/8/../../../../x86_64-redhat-linux/include"
ignoring duplicate directory "/pkg/compiler/intel/2024/mpi/2021.11/include"
#include "..." search starts here:
#include <...> search starts here:
 /pkg/compiler/intel/2024/mpi/2021.11/include
 /pkg/compiler/intel/2024/tbb/2021.11/include
 /pkg/compiler/intel/2024/mkl/2024.0/include
 /pkg/compiler/intel/2024/ippcp/2021.9/include
 /pkg/compiler/intel/2024/ipp/2021.10/include
 /pkg/compiler/intel/2024/dpl/2022.3/include
 /pkg/compiler/intel/2024/dpcpp-ct/2024.0/include
 /pkg/compiler/intel/2024/dnnl/2024.0/include
 /pkg/compiler/intel/2024/dev-utilities/2024.0/include
 /pkg/compiler/intel/2024/dal/2024.0/include/dal
 /pkg/compiler/intel/2024/ccl/2021.11/include
 /usr/lib/gcc/x86_64-redhat-linux/8/../../../../include/c++/8
 /usr/lib/gcc/x86_64-redhat-linux/8/../../../../include/c++/8/x86_64-redhat-linux
 /usr/lib/gcc/x86_64-redhat-linux/8/../../../../include/c++/8/backward
 /usr/lib/gcc/x86_64-redhat-linux/8/include
 /usr/local/include
 /usr/include
End of search list.
GNU C++14 (GCC) version 8.5.0 20210514 (Red Hat 8.5.0-15) (x86_64-redhat-linux)
	compiled by GNU C version 8.5.0 20210514 (Red Hat 8.5.0-15), GMP version 6.1.2, MPFR version 3.1.6-p2, MPC version 1.1.0, isl version isl-0.16.1-GMP

GGC heuristics: --param ggc-min-expand=100 --param ggc-min-heapsize=131072
Compiler executable checksum: 65a3adfa66d93d8bba2291d72391a863
COLLECT_GCC_OPTIONS='-v' '-o' 'CMakeFiles/cmTC_48dd1.dir/CMakeCXXCompilerABI.cpp.o' '-c' '-I' '/pkg/compiler/intel/2024/mpi/2021.11/include' '-shared-libgcc' '-mtune=generic' '-march=x86-64'
 as -v -I /pkg/compiler/intel/2024/mpi/2021.11/include --64 -o CMakeFiles/cmTC_48dd1.dir/CMakeCXXCompilerABI.cpp.o /tmp/ccibNVxX.s
GNU assembler version 2.30 (x86_64-redhat-linux) using BFD version version 2.30-117.el8
COMPILER_PATH=/usr/libexec/gcc/x86_64-redhat-linux/8/:/usr/libexec/gcc/x86_64-redhat-linux/8/:/usr/libexec/gcc/x86_64-redhat-linux/:/usr/lib/gcc/x86_64-redhat-linux/8/:/usr/lib/gcc/x86_64-redhat-linux/
LIBRARY_PATH=/usr/lib/gcc/x86_64-redhat-linux/8/:/usr/lib/gcc/x86_64-redhat-linux/8/../../../../lib64/:/lib/../lib64/:/usr/lib/../lib64/:/pkg/compiler/intel/2024/mpi/2021.11/opt/mpi/libfabric/lib/:/pkg/compiler/intel/2024/mpi/2021.11/lib/:/pkg/compiler/intel/2024/tbb/2021.11/lib/:/pkg/compiler/intel/2024/mkl/2024.0/lib/:/pkg/compiler/intel/2024/ippcp/2021.9/lib/:/pkg/compiler/intel/2024/ipp/2021.10/lib/:/pkg/compiler/intel/2024/dnnl/2024.0/lib/:/pkg/compiler/intel/2024/dal/2024.0/lib/:/pkg/compiler/intel/2024/compiler/2024.0/lib/:/pkg/compiler/intel/2024/ccl/2021.11/lib/:/usr/lib/gcc/x86_64-redhat-linux/8/../../../:/lib/:/usr/lib/
COLLECT_GCC_OPTIONS='-v' '-o' 'CMakeFiles/cmTC_48dd1.dir/CMakeCXXCompilerABI.cpp.o' '-c' '-I' '/pkg/compiler/intel/2024/mpi/2021.11/include' '-shared-libgcc' '-mtune=generic' '-march=x86-64'
Linking CXX executable cmTC_48dd1
/usr/bin/cmake -E cmake_link_script CMakeFiles/cmTC_48dd1.dir/link.txt --verbose=1
/pkg/compiler/intel/2024/mpi/2021.11/bin/mpicxx  -v -rdynamic CMakeFiles/cmTC_48dd1.dir/CMakeCXXCompilerABI.cpp.o -o cmTC_48dd1 
mpigxx for the Intel(R) MPI Library 2021.11 for Linux*
Copyright Intel Corporation.
Using built-in specs.
COLLECT_GCC=g++
COLLECT_LTO_WRAPPER=/usr/libexec/gcc/x86_64-redhat-linux/8/lto-wrapper
OFFLOAD_TARGET_NAMES=nvptx-none
OFFLOAD_TARGET_DEFAULT=1
Target: x86_64-redhat-linux
Configured with: ../configure --enable-bootstrap --enable-languages=c,c++,fortran,lto --prefix=/usr --mandir=/usr/share/man --infodir=/usr/share/info --with-bugurl=http://bugzilla.redhat.com/bugzilla --enable-shared --enable-threads=posix --enable-checking=release --enable-multilib --with-system-zlib --enable-__cxa_atexit --disable-libunwind-exceptions --enable-gnu-unique-object --enable-linker-build-id --with-gcc-major-version-only --with-linker-hash-style=gnu --enable-plugin --enable-initfini-array --with-isl --disable-libmpx --enable-offload-targets=nvptx-none --without-cuda-driver --enable-gnu-indirect-function --enable-cet --with-tune=generic --with-arch_32=x86-64 --build=x86_64-redhat-linux
Thread model: posix
gcc version 8.5.0 20210514 (Red Hat 8.5.0-15) (GCC) 
COMPILER_PATH=/usr/libexec/gcc/x86_64-redhat-linux/8/:/usr/libexec/gcc/x86_64-redhat-linux/8/:/usr/libexec/gcc/x86_64-redhat-linux/:/usr/lib/gcc/x86_64-redhat-linux/8/:/usr/lib/gcc/x86_64-redhat-linux/
LIBRARY_PATH=/usr/lib/gcc/x86_64-redhat-linux/8/:/usr/lib/gcc/x86_64-redhat-linux/8/../../../../lib64/:/lib/../lib64/:/usr/lib/../lib64/:/pkg/compiler/intel/2024/mpi/2021.11/opt/mpi/libfabric/lib/:/pkg/compiler/intel/2024/mpi/2021.11/lib/:/pkg/compiler/intel/2024/tbb/2021.11/lib/:/pkg/compiler/intel/2024/mkl/2024.0/lib/:/pkg/compiler/intel/2024/ippcp/2021.9/lib/:/pkg/compiler/intel/2024/ipp/2021.10/lib/:/pkg/compiler/intel/2024/dnnl/2024.0/lib/:/pkg/compiler/intel/2024/dal/2024.0/lib/:/pkg/compiler/intel/2024/compiler/2024.0/lib/:/pkg/compiler/intel/2024/ccl/2021.11/lib/:/usr/lib/gcc/x86_64-redhat-linux/8/../../../:/lib/:/usr/lib/
COLLECT_GCC_OPTIONS='-v' '-rdynamic' '-o' 'cmTC_48dd1' '-I' '/pkg/compiler/intel/2024/mpi/2021.11/include' '-L/pkg/compiler/intel/2024/mpi/2021.11/lib' '-L/pkg/compiler/intel/2024/mpi/2021.11/lib' '-shared-libgcc' '-mtune=generic' '-march=x86-64'
 /usr/libexec/gcc/x86_64-redhat-linux/8/collect2 -plugin /usr/libexec/gcc/x86_64-redhat-linux/8/liblto_plugin.so -plugin-opt=/usr/libexec/gcc/x86_64-redhat-linux/8/lto-wrapper -plugin-opt=-fresolution=/tmp/ccQomUKa.res -plugin-opt=-pass-through=-lgcc_s -plugin-opt=-pass-through=-lgcc -plugin-opt=-pass-through=-lc -plugin-opt=-pass-through=-lgcc_s -plugin-opt=-pass-through=-lgcc --build-id --no-add-needed --eh-frame-hdr --hash-style=gnu -m elf_x86_64 -export-dynamic -dynamic-linker /lib64/ld-linux-x86-64.so.2 -o cmTC_48dd1 /usr/lib/gcc/x86_64-redhat-linux/8/../../../../lib64/crt1.o /usr/lib/gcc/x86_64-redhat-linux/8/../../../../lib64/crti.o /usr/lib/gcc/x86_64-redhat-linux/8/crtbegin.o -L/pkg/compiler/intel/2024/mpi/2021.11/lib -L/pkg/compiler/intel/2024/mpi/2021.11/lib -L/usr/lib/gcc/x86_64-redhat-linux/8 -L/usr/lib/gcc/x86_64-redhat-linux/8/../../../../lib64 -L/lib/../lib64 -L/usr/lib/../lib64 -L/pkg/compiler/intel/2024/mpi/2021.11/opt/mpi/libfabric/lib -L/pkg/compiler/intel/2024/mpi/2021.11/lib -L/pkg/compiler/intel/2024/tbb/2021.11/lib -L/pkg/compiler/intel/2024/mkl/2024.0/lib -L/pkg/compiler/intel/2024/ippcp/2021.9/lib -L/pkg/compiler/intel/2024/ipp/2021.10/lib -L/pkg/compiler/intel/2024/dnnl/2024.0/lib -L/pkg/compiler/intel/2024/dal/2024.0/lib -L/pkg/compiler/intel/2024/compiler/2024.0/lib -L/pkg/compiler/intel/2024/ccl/2021.11/lib -L/usr/lib/gcc/x86_64-redhat-linux/8/../../.. CMakeFiles/cmTC_48dd1.dir/CMakeCXXCompilerABI.cpp.o --enable-new-dtags -rpath /pkg/compiler/intel/2024/mpi/2021.11/lib -rpath /pkg/compiler/intel/2024/mpi/2021.11/lib -lmpicxx -lmpifort -lmpi -lrt -lpthread -z now -z relro -z noexecstack --enable-new-dtags -ldl -lstdc++ -lm -lgcc_s -lgcc -lc -lgcc_s -lgcc /usr/lib/gcc/x86_64-redhat-linux/8/crtend.o /usr/lib/gcc/x86_64-redhat-linux/8/../../../../lib64/crtn.o
COLLECT_GCC_OPTIONS='-v' '-rdynamic' '-o' 'cmTC_48dd1' '-I' '/pkg/compiler/intel/2024/mpi/2021.11/include' '-L/pkg/compiler/intel/2024/mpi/2021.11/lib' '-L/pkg/compiler/intel/2024/mpi/2021.11/lib' '-shared-libgcc' '-mtune=generic' '-march=x86-64'
gmake[1]: Leaving directory '/home/u8880716/miniWeather/c/build/CMakeFiles/CMakeTmp'



Parsed CXX implicit include dir info from above output: rv=done
  found start of include info
  found start of implicit include info
    add: [/pkg/compiler/intel/2024/mpi/2021.11/include]
    add: [/pkg/compiler/intel/2024/tbb/2021.11/include]
    add: [/pkg/compiler/intel/2024/mkl/2024.0/include]
    add: [/pkg/compiler/intel/2024/ippcp/2021.9/include]
    add: [/pkg/compiler/intel/2024/ipp/2021.10/include]
    add: [/pkg/compiler/intel/2024/dpl/2022.3/include]
    add: [/pkg/compiler/intel/2024/dpcpp-ct/2024.0/include]
    add: [/pkg/compiler/intel/2024/dnnl/2024.0/include]
    add: [/pkg/compiler/intel/2024/dev-utilities/2024.0/include]
    add: [/pkg/compiler/intel/2024/dal/2024.0/include/dal]
    add: [/pkg/compiler/intel/2024/ccl/2021.11/include]
    add: [/usr/lib/gcc/x86_64-redhat-linux/8/../../../../include/c++/8]
    add: [/usr/lib/gcc/x86_64-redhat-linux/8/../../../../include/c++/8/x86_64-redhat-linux]
    add: [/usr/lib/gcc/x86_64-redhat-linux/8/../../../../include/c++/8/backward]
    add: [/usr/lib/gcc/x86_64-redhat-linux/8/include]
    add: [/usr/local/include]
    add: [/usr/include]
  end of search list found
  collapse include dir [/pkg/compiler/intel/2024/mpi/2021.11/include] ==> [/pkg/compiler/intel/2024/mpi/2021.11/include]
  collapse include dir [/pkg/compiler/intel/2024/tbb/2021.11/include] ==> [/pkg/compiler/intel/2024/tbb/2021.11/include]
  collapse include dir [/pkg/compiler/intel/2024/mkl/2024.0/include] ==> [/pkg/compiler/intel/2024/mkl/2024.0/include]
  collapse include dir [/pkg/compiler/intel/2024/ippcp/2021.9/include] ==> [/pkg/compiler/intel/2024/ippcp/2021.9/include]
  collapse include dir [/pkg/compiler/intel/2024/ipp/2021.10/include] ==> [/pkg/compiler/intel/2024/ipp/2021.10/include]
  collapse include dir [/pkg/compiler/intel/2024/dpl/2022.3/include] ==> [/pkg/compiler/intel/2024/dpl/2022.3/include]
  collapse include dir [/pkg/compiler/intel/2024/dpcpp-ct/2024.0/include] ==> [/pkg/compiler/intel/2024/dpcpp-ct/2024.0/include]
  collapse include dir [/pkg/compiler/intel/2024/dnnl/2024.0/include] ==> [/pkg/compiler/intel/2024/dnnl/2024.0/include]
  collapse include dir [/pkg/compiler/intel/2024/dev-utilities/2024.0/include] ==> [/pkg/compiler/intel/2024/dev-utilities/2024.0/include]
  collapse include dir [/pkg/compiler/intel/2024/dal/2024.0/include/dal] ==> [/pkg/compiler/intel/2024/dal/2024.0/include/dal]
  collapse include dir [/pkg/compiler/intel/2024/ccl/2021.11/include] ==> [/pkg/compiler/intel/2024/ccl/2021.11/include]
  collapse include dir [/usr/lib/gcc/x86_64-redhat-linux/8/../../../../include/c++/8] ==> [/usr/include/c++/8]
  collapse include dir [/usr/lib/gcc/x86_64-redhat-linux/8/../../../../include/c++/8/x86_64-redhat-linux] ==> [/usr/include/c++/8/x86_64-redhat-linux]
  collapse include dir [/usr/lib/gcc/x86_64-redhat-linux/8/../../../../include/c++/8/backward] ==> [/usr/include/c++/8/backward]
  collapse include dir [/usr/lib/gcc/x86_64-redhat-linux/8/include] ==> [/usr/lib/gcc/x86_64-redhat-linux/8/include]
  collapse include dir [/usr/local/include] ==> [/usr/local/include]
  collapse include dir [/usr/include] ==> [/usr/include]
  implicit include dirs: [/pkg/compiler/intel/2024/mpi/2021.11/include;/pkg/compiler/intel/2024/tbb/2021.11/include;/pkg/compiler/intel/2024/mkl/2024.0/include;/pkg/compiler/intel/2024/ippcp/2021.9/include;/pkg/compiler/intel/2024/ipp/2021.10/include;/pkg/compiler/intel/2024/dpl/2022.3/include;/pkg/compiler/intel/2024/dpcpp-ct/2024.0/include;/pkg/compiler/intel/2024/dnnl/2024.0/include;/pkg/compiler/intel/2024/dev-utilities/2024.0/include;/pkg/compiler/intel/2024/dal/2024.0/include/dal;/pkg/compiler/intel/2024/ccl/2021.11/include;/usr/include/c++/8;/usr/include/c++/8/x86_64-redhat-linux;/usr/include/c++/8/backward;/usr/lib/gcc/x86_64-redhat-linux/8/include;/usr/local/include;/usr/include]


Parsed CXX implicit link information from above output:
  link line regex: [^( *|.*[/\])(ld|CMAKE_LINK_STARTFILE-NOTFOUND|([^/\]+-)?ld|collect2)[^/\]*( |$)]
  ignore line: [Change Dir: /home/u8880716/miniWeather/c/build/CMakeFiles/CMakeTmp]
  ignore line: []
  ignore line: [Run Build Command(s):/usr/bin/gmake -f Makefile cmTC_48dd1/fast && /usr/bin/gmake  -f CMakeFiles/cmTC_48dd1.dir/build.make CMakeFiles/cmTC_48dd1.dir/build]
  ignore line: [gmake[1]: Entering directory '/home/u8880716/miniWeather/c/build/CMakeFiles/CMakeTmp']
  ignore line: [Building CXX object CMakeFiles/cmTC_48dd1.dir/CMakeCXXCompilerABI.cpp.o]
  ignore line: [/pkg/compiler/intel/2024/mpi/2021.11/bin/mpicxx   -v -o CMakeFiles/cmTC_48dd1.dir/CMakeCXXCompilerABI.cpp.o -c /usr/share/cmake/Modules/CMakeCXXCompilerABI.cpp]
  ignore line: [mpigxx for the Intel(R) MPI Library 2021.11 for Linux*]
  ignore line: [Copyright Intel Corporation.]
  ignore line: [Using built-in specs.]
  ignore line: [COLLECT_GCC=g++]
  ignore line: [OFFLOAD_TARGET_NAMES=nvptx-none]
  ignore line: [OFFLOAD_TARGET_DEFAULT=1]
  ignore line: [Target: x86_64-redhat-linux]
  ignore line: [Configured with: ../configure --enable-bootstrap --enable-languages=c c++ fortran lto --prefix=/usr --mandir=/usr/share/man --infodir=/usr/share/info --with-bugurl=http://bugzilla.redhat.com/bugzilla --enable-shared --enable-threads=posix --enable-checking=release --enable-multilib --with-system-zlib --enable-__cxa_atexit --disable-libunwind-exceptions --enable-gnu-unique-object --enable-linker-build-id --with-gcc-major-version-only --with-linker-hash-style=gnu --enable-plugin --enable-initfini-array --with-isl --disable-libmpx --enable-offload-targets=nvptx-none --without-cuda-driver --enable-gnu-indirect-function --enable-cet --with-tune=generic --with-arch_32=x86-64 --build=x86_64-redhat-linux]
  ignore line: [Thread model: posix]
  ignore line: [gcc version 8.5.0 20210514 (Red Hat 8.5.0-15) (GCC) ]
  ignore line: [COLLECT_GCC_OPTIONS='-v' '-o' 'CMakeFiles/cmTC_48dd1.dir/CMakeCXXCompilerABI.cpp.o' '-c' '-I' '/pkg/compiler/intel/2024/mpi/2021.11/include' '-shared-libgcc' '-mtune=generic' '-march=x86-64']
  ignore line: [ /usr/libexec/gcc/x86_64-redhat-linux/8/cc1plus -quiet -v -I /pkg/compiler/intel/2024/mpi/2021.11/include -D_GNU_SOURCE /usr/share/cmake/Modules/CMakeCXXCompilerABI.cpp -quiet -dumpbase CMakeCXXCompilerABI.cpp -mtune=generic -march=x86-64 -auxbase-strip CMakeFiles/cmTC_48dd1.dir/CMakeCXXCompilerABI.cpp.o -version -o /tmp/ccibNVxX.s]
  ignore line: [GNU C++14 (GCC) version 8.5.0 20210514 (Red Hat 8.5.0-15) (x86_64-redhat-linux)]
  ignore line: [	compiled by GNU C version 8.5.0 20210514 (Red Hat 8.5.0-15)  GMP version 6.1.2  MPFR version 3.1.6-p2  MPC version 1.1.0  isl version isl-0.16.1-GMP]
  ignore line: []
  ignore line: [GGC heuristics: --param ggc-min-expand=100 --param ggc-min-heapsize=131072]
  ignore line: [ignoring nonexistent directory "/usr/lib/gcc/x86_64-redhat-linux/8/include-fixed"]
  ignore line: [ignoring nonexistent directory "/usr/lib/gcc/x86_64-redhat-linux/8/../../../../x86_64-redhat-linux/include"]
  ignore line: [ignoring duplicate directory "/pkg/compiler/intel/2024/mpi/2021.11/include"]
  ignore line: [#include "..." search starts here:]
  ignore line: [#include <...> search starts here:]
  ignore line: [ /pkg/compiler/intel/2024/mpi/2021.11/include]
  ignore line: [ /pkg/compiler/intel/2024/tbb/2021.11/include]
  ignore line: [ /pkg/compiler/intel/2024/mkl/2024.0/include]
  ignore line: [ /pkg/compiler/intel/2024/ippcp/2021.9/include]
  ignore line: [ /pkg/compiler/intel/2024/ipp/2021.10/include]
  ignore line: [ /pkg/compiler/intel/2024/dpl/2022.3/include]
  ignore line: [ /pkg/compiler/intel/2024/dpcpp-ct/2024.0/include]
  ignore line: [ /pkg/compiler/intel/2024/dnnl/2024.0/include]
  ignore line: [ /pkg/compiler/intel/2024/dev-utilities/2024.0/include]
  ignore line: [ /pkg/compiler/intel/2024/dal/2024.0/include/dal]
  ignore line: [ /pkg/compiler/intel/2024/ccl/2021.11/include]
  ignore line: [ /usr/lib/gcc/x86_64-redhat-linux/8/../../../../include/c++/8]
  ignore line: [ /usr/lib/gcc/x86_64-redhat-linux/8/../../../../include/c++/8/x86_64-redhat-linux]
  ignore line: [ /usr/lib/gcc/x86_64-redhat-linux/8/../../../../include/c++/8/backward]
  ignore line: [ /usr/lib/gcc/x86_64-redhat-linux/8/include]
  ignore line: [ /usr/local/include]
  ignore line: [ /usr/include]
  ignore line: [End of search list.]
  ignore line: [GNU C++14 (GCC) version 8.5.0 20210514 (Red Hat 8.5.0-15) (x86_64-redhat-linux)]
  ignore line: [	compiled by GNU C version 8.5.0 20210514 (Red Hat 8.5.0-15)  GMP version 6.1.2  MPFR version 3.1.6-p2  MPC version 1.1.0  isl version isl-0.16.1-GMP]
  ignore line: []
  ignore line: [GGC heuristics: --param ggc-min-expand=100 --param ggc-min-heapsize=131072]
  ignore line: [Compiler executable checksum: 65a3adfa66d93d8bba2291d72391a863]
  ignore line: [COLLECT_GCC_OPTIONS='-v' '-o' 'CMakeFiles/cmTC_48dd1.dir/CMakeCXXCompilerABI.cpp.o' '-c' '-I' '/pkg/compiler/intel/2024/mpi/2021.11/include' '-shared-libgcc' '-mtune=generic' '-march=x86-64']
  ignore line: [ as -v -I /pkg/compiler/intel/2024/mpi/2021.11/include --64 -o CMakeFiles/cmTC_48dd1.dir/CMakeCXXCompilerABI.cpp.o /tmp/ccibNVxX.s]
  ignore line: [GNU assembler version 2.30 (x86_64-redhat-linux) using BFD version version 2.30-117.el8]
  ignore line: [COMPILER_PATH=/usr/libexec/gcc/x86_64-redhat-linux/8/:/usr/libexec/gcc/x86_64-redhat-linux/8/:/usr/libexec/gcc/x86_64-redhat-linux/:/usr/lib/gcc/x86_64-redhat-linux/8/:/usr/lib/gcc/x86_64-redhat-linux/]
  ignore line: [LIBRARY_PATH=/usr/lib/gcc/x86_64-redhat-linux/8/:/usr/lib/gcc/x86_64-redhat-linux/8/../../../../lib64/:/lib/../lib64/:/usr/lib/../lib64/:/pkg/compiler/intel/2024/mpi/2021.11/opt/mpi/libfabric/lib/:/pkg/compiler/intel/2024/mpi/2021.11/lib/:/pkg/compiler/intel/2024/tbb/2021.11/lib/:/pkg/compiler/intel/2024/mkl/2024.0/lib/:/pkg/compiler/intel/2024/ippcp/2021.9/lib/:/pkg/compiler/intel/2024/ipp/2021.10/lib/:/pkg/compiler/intel/2024/dnnl/2024.0/lib/:/pkg/compiler/intel/2024/dal/2024.0/lib/:/pkg/compiler/intel/2024/compiler/2024.0/lib/:/pkg/compiler/intel/2024/ccl/2021.11/lib/:/usr/lib/gcc/x86_64-redhat-linux/8/../../../:/lib/:/usr/lib/]
  ignore line: [COLLECT_GCC_OPTIONS='-v' '-o' 'CMakeFiles/cmTC_48dd1.dir/CMakeCXXCompilerABI.cpp.o' '-c' '-I' '/pkg/compiler/intel/2024/mpi/2021.11/include' '-shared-libgcc' '-mtune=generic' '-march=x86-64']
  ignore line: [Linking CXX executable cmTC_48dd1]
  ignore line: [/usr/bin/cmake -E cmake_link_script CMakeFiles/cmTC_48dd1.dir/link.txt --verbose=1]
  ignore line: [/pkg/compiler/intel/2024/mpi/2021.11/bin/mpicxx  -v -rdynamic CMakeFiles/cmTC_48dd1.dir/CMakeCXXCompilerABI.cpp.o -o cmTC_48dd1 ]
  ignore line: [mpigxx for the Intel(R) MPI Library 2021.11 for Linux*]
  ignore line: [Copyright Intel Corporation.]
  ignore line: [Using built-in specs.]
  ignore line: [COLLECT_GCC=g++]
  ignore line: [COLLECT_LTO_WRAPPER=/usr/libexec/gcc/x86_64-redhat-linux/8/lto-wrapper]
  ignore line: [OFFLOAD_TARGET_NAMES=nvptx-none]
  ignore line: [OFFLOAD_TARGET_DEFAULT=1]
  ignore line: [Target: x86_64-redhat-linux]
  ignore line: [Configured with: ../configure --enable-bootstrap --enable-languages=c c++ fortran lto --prefix=/usr --mandir=/usr/share/man --infodir=/usr/share/info --with-bugurl=http://bugzilla.redhat.com/bugzilla --enable-shared --enable-threads=posix --enable-checking=release --enable-multilib --with-system-zlib --enable-__cxa_atexit --disable-libunwind-exceptions --enable-gnu-unique-object --enable-linker-build-id --with-gcc-major-version-only --with-linker-hash-style=gnu --enable-plugin --enable-initfini-array --with-isl --disable-libmpx --enable-offload-targets=nvptx-none --without-cuda-driver --enable-gnu-indirect-function --enable-cet --with-tune=generic --with-arch_32=x86-64 --build=x86_64-redhat-linux]
  ignore line: [Thread model: posix]
  ignore line: [gcc version 8.5.0 20210514 (Red Hat 8.5.0-15) (GCC) ]
  ignore line: [COMPILER_PATH=/usr/libexec/gcc/x86_64-redhat-linux/8/:/usr/libexec/gcc/x86_64-redhat-linux/8/:/usr/libexec/gcc/x86_64-redhat-linux/:/usr/lib/gcc/x86_64-redhat-linux/8/:/usr/lib/gcc/x86_64-redhat-linux/]
  ignore line: [LIBRARY_PATH=/usr/lib/gcc/x86_64-redhat-linux/8/:/usr/lib/gcc/x86_64-redhat-linux/8/../../../../lib64/:/lib/../lib64/:/usr/lib/../lib64/:/pkg/compiler/intel/2024/mpi/2021.11/opt/mpi/libfabric/lib/:/pkg/compiler/intel/2024/mpi/2021.11/lib/:/pkg/compiler/intel/2024/tbb/2021.11/lib/:/pkg/compiler/intel/2024/mkl/2024.0/lib/:/pkg/compiler/intel/2024/ippcp/2021.9/lib/:/pkg/compiler/intel/2024/ipp/2021.10/lib/:/pkg/compiler/intel/2024/dnnl/2024.0/lib/:/pkg/compiler/intel/2024/dal/2024.0/lib/:/pkg/compiler/intel/2024/compiler/2024.0/lib/:/pkg/compiler/intel/2024/ccl/2021.11/lib/:/usr/lib/gcc/x86_64-redhat-linux/8/../../../:/lib/:/usr/lib/]
  ignore line: [COLLECT_GCC_OPTIONS='-v' '-rdynamic' '-o' 'cmTC_48dd1' '-I' '/pkg/compiler/intel/2024/mpi/2021.11/include' '-L/pkg/compiler/intel/2024/mpi/2021.11/lib' '-L/pkg/compiler/intel/2024/mpi/2021.11/lib' '-shared-libgcc' '-mtune=generic' '-march=x86-64']
  link line: [ /usr/libexec/gcc/x86_64-redhat-linux/8/collect2 -plugin /usr/libexec/gcc/x86_64-redhat-linux/8/liblto_plugin.so -plugin-opt=/usr/libexec/gcc/x86_64-redhat-linux/8/lto-wrapper -plugin-opt=-fresolution=/tmp/ccQomUKa.res -plugin-opt=-pass-through=-lgcc_s -plugin-opt=-pass-through=-lgcc -plugin-opt=-pass-through=-lc -plugin-opt=-pass-through=-lgcc_s -plugin-opt=-pass-through=-lgcc --build-id --no-add-needed --eh-frame-hdr --hash-style=gnu -m elf_x86_64 -export-dynamic -dynamic-linker /lib64/ld-linux-x86-64.so.2 -o cmTC_48dd1 /usr/lib/gcc/x86_64-redhat-linux/8/../../../../lib64/crt1.o /usr/lib/gcc/x86_64-redhat-linux/8/../../../../lib64/crti.o /usr/lib/gcc/x86_64-redhat-linux/8/crtbegin.o -L/pkg/compiler/intel/2024/mpi/2021.11/lib -L/pkg/compiler/intel/2024/mpi/2021.11/lib -L/usr/lib/gcc/x86_64-redhat-linux/8 -L/usr/lib/gcc/x86_64-redhat-linux/8/../../../../lib64 -L/lib/../lib64 -L/usr/lib/../lib64 -L/pkg/compiler/intel/2024/mpi/2021.11/opt/mpi/libfabric/lib -L/pkg/compiler/intel/2024/mpi/2021.11/lib -L/pkg/compiler/intel/2024/tbb/2021.11/lib -L/pkg/compiler/intel/2024/mkl/2024.0/lib -L/pkg/compiler/intel/2024/ippcp/2021.9/lib -L/pkg/compiler/intel/2024/ipp/2021.10/lib -L/pkg/compiler/intel/2024/dnnl/2024.0/lib -L/pkg/compiler/intel/2024/dal/2024.0/lib -L/pkg/compiler/intel/2024/compiler/2024.0/lib -L/pkg/compiler/intel/2024/ccl/2021.11/lib -L/usr/lib/gcc/x86_64-redhat-linux/8/../../.. CMakeFiles/cmTC_48dd1.dir/CMakeCXXCompilerABI.cpp.o --enable-new-dtags -rpath /pkg/compiler/intel/2024/mpi/2021.11/lib -rpath /pkg/compiler/intel/2024/mpi/2021.11/lib -lmpicxx -lmpifort -lmpi -lrt -lpthread -z now -z relro -z noexecstack --enable-new-dtags -ldl -lstdc++ -lm -lgcc_s -lgcc -lc -lgcc_s -lgcc /usr/lib/gcc/x86_64-redhat-linux/8/crtend.o /usr/lib/gcc/x86_64-redhat-linux/8/../../../../lib64/crtn.o]
    arg [/usr/libexec/gcc/x86_64-redhat-linux/8/collect2] ==> ignore
    arg [-plugin] ==> ignore
    arg [/usr/libexec/gcc/x86_64-redhat-linux/8/liblto_plugin.so] ==> ignore
    arg [-plugin-opt=/usr/libexec/gcc/x86_64-redhat-linux/8/lto-wrapper] ==> ignore
    arg [-plugin-opt=-fresolution=/tmp/ccQomUKa.res] ==> ignore
    arg [-plugin-opt=-pass-through=-lgcc_s] ==> ignore
    arg [-plugin-opt=-pass-through=-lgcc] ==> ignore
    arg [-plugin-opt=-pass-through=-lc] ==> ignore
    arg [-plugin-opt=-pass-through=-lgcc_s] ==> ignore
    arg [-plugin-opt=-pass-through=-lgcc] ==> ignore
    arg [--build-id] ==> ignore
    arg [--no-add-needed] ==> ignore
    arg [--eh-frame-hdr] ==> ignore
    arg [--hash-style=gnu] ==> ignore
    arg [-m] ==> ignore
    arg [elf_x86_64] ==> ignore
    arg [-export-dynamic] ==> ignore
    arg [-dynamic-linker] ==> ignore
    arg [/lib64/ld-linux-x86-64.so.2] ==> ignore
    arg [-o] ==> ignore
    arg [cmTC_48dd1] ==> ignore
    arg [/usr/lib/gcc/x86_64-redhat-linux/8/../../../../lib64/crt1.o] ==> obj [/usr/lib/gcc/x86_64-redhat-linux/8/../../../../lib64/crt1.o]
    arg [/usr/lib/gcc/x86_64-redhat-linux/8/../../../../lib64/crti.o] ==> obj [/usr/lib/gcc/x86_64-redhat-linux/8/../../../../lib64/crti.o]
    arg [/usr/lib/gcc/x86_64-redhat-linux/8/crtbegin.o] ==> obj [/usr/lib/gcc/x86_64-redhat-linux/8/crtbegin.o]
    arg [-L/pkg/compiler/intel/2024/mpi/2021.11/lib] ==> dir [/pkg/compiler/intel/2024/mpi/2021.11/lib]
    arg [-L/pkg/compiler/intel/2024/mpi/2021.11/lib] ==> dir [/pkg/compiler/intel/2024/mpi/2021.11/lib]
    arg [-L/usr/lib/gcc/x86_64-redhat-linux/8] ==> dir [/usr/lib/gcc/x86_64-redhat-linux/8]
    arg [-L/usr/lib/gcc/x86_64-redhat-linux/8/../../../../lib64] ==> dir [/usr/lib/gcc/x86_64-redhat-linux/8/../../../../lib64]
    arg [-L/lib/../lib64] ==> dir [/lib/../lib64]
    arg [-L/usr/lib/../lib64] ==> dir [/usr/lib/../lib64]
    arg [-L/pkg/compiler/intel/2024/mpi/2021.11/opt/mpi/libfabric/lib] ==> dir [/pkg/compiler/intel/2024/mpi/2021.11/opt/mpi/libfabric/lib]
    arg [-L/pkg/compiler/intel/2024/mpi/2021.11/lib] ==> dir [/pkg/compiler/intel/2024/mpi/2021.11/lib]
    arg [-L/pkg/compiler/intel/2024/tbb/2021.11/lib] ==> dir [/pkg/compiler/intel/2024/tbb/2021.11/lib]
    arg [-L/pkg/compiler/intel/2024/mkl/2024.0/lib] ==> dir [/pkg/compiler/intel/2024/mkl/2024.0/lib]
    arg [-L/pkg/compiler/intel/2024/ippcp/2021.9/lib] ==> dir [/pkg/compiler/intel/2024/ippcp/2021.9/lib]
    arg [-L/pkg/compiler/intel/2024/ipp/2021.10/lib] ==> dir [/pkg/compiler/intel/2024/ipp/2021.10/lib]
    arg [-L/pkg/compiler/intel/2024/dnnl/2024.0/lib] ==> dir [/pkg/compiler/intel/2024/dnnl/2024.0/lib]
    arg [-L/pkg/compiler/intel/2024/dal/2024.0/lib] ==> dir [/pkg/compiler/intel/2024/dal/2024.0/lib]
    arg [-L/pkg/compiler/intel/2024/compiler/2024.0/lib] ==> dir [/pkg/compiler/intel/2024/compiler/2024.0/lib]
    arg [-L/pkg/compiler/intel/2024/ccl/2021.11/lib] ==> dir [/pkg/compiler/intel/2024/ccl/2021.11/lib]
    arg [-L/usr/lib/gcc/x86_64-redhat-linux/8/../../..] ==> dir [/usr/lib/gcc/x86_64-redhat-linux/8/../../..]
    arg [CMakeFiles/cmTC_48dd1.dir/CMakeCXXCompilerABI.cpp.o] ==> ignore
    arg [--enable-new-dtags] ==> ignore
    arg [-rpath] ==> ignore
    arg [/pkg/compiler/intel/2024/mpi/2021.11/lib] ==> ignore
    arg [-rpath] ==> ignore
    arg [/pkg/compiler/intel/2024/mpi/2021.11/lib] ==> ignore
    arg [-lmpicxx] ==> lib [mpicxx]
    arg [-lmpifort] ==> lib [mpifort]
    arg [-lmpi] ==> lib [mpi]
    arg [-lrt] ==> lib [rt]
    arg [-lpthread] ==> lib [pthread]
    arg [-znow] ==> ignore
    arg [-zrelro] ==> ignore
    arg [-znoexecstack] ==> ignore
    arg [--enable-new-dtags] ==> ignore
    arg [-ldl] ==> lib [dl]
    arg [-lstdc++] ==> lib [stdc++]
    arg [-lm] ==> lib [m]
    arg [-lgcc_s] ==> lib [gcc_s]
    arg [-lgcc] ==> lib [gcc]
    arg [-lc] ==> lib [c]
    arg [-lgcc_s] ==> lib [gcc_s]
    arg [-lgcc] ==> lib [gcc]
    arg [/usr/lib/gcc/x86_64-redhat-linux/8/crtend.o] ==> obj [/usr/lib/gcc/x86_64-redhat-linux/8/crtend.o]
    arg [/usr/lib/gcc/x86_64-redhat-linux/8/../../../../lib64/crtn.o] ==> obj [/usr/lib/gcc/x86_64-redhat-linux/8/../../../../lib64/crtn.o]
  collapse obj [/usr/lib/gcc/x86_64-redhat-linux/8/../../../../lib64/crt1.o] ==> [/usr/lib64/crt1.o]
  collapse obj [/usr/lib/gcc/x86_64-redhat-linux/8/../../../../lib64/crti.o] ==> [/usr/lib64/crti.o]
  collapse obj [/usr/lib/gcc/x86_64-redhat-linux/8/../../../../lib64/crtn.o] ==> [/usr/lib64/crtn.o]
  collapse library dir [/pkg/compiler/intel/2024/mpi/2021.11/lib] ==> [/pkg/compiler/intel/2024/mpi/2021.11/lib]
  collapse library dir [/pkg/compiler/intel/2024/mpi/2021.11/lib] ==> [/pkg/compiler/intel/2024/mpi/2021.11/lib]
  collapse library dir [/usr/lib/gcc/x86_64-redhat-linux/8] ==> [/usr/lib/gcc/x86_64-redhat-linux/8]
  collapse library dir [/usr/lib/gcc/x86_64-redhat-linux/8/../../../../lib64] ==> [/usr/lib64]
  collapse library dir [/lib/../lib64] ==> [/lib64]
  collapse library dir [/usr/lib/../lib64] ==> [/usr/lib64]
  collapse library dir [/pkg/compiler/intel/2024/mpi/2021.11/opt/mpi/libfabric/lib] ==> [/pkg/compiler/intel/2024/mpi/2021.11/opt/mpi/libfabric/lib]
  collapse library dir [/pkg/compiler/intel/2024/mpi/2021.11/lib] ==> [/pkg/compiler/intel/2024/mpi/2021.11/lib]
  collapse library dir [/pkg/compiler/intel/2024/tbb/2021.11/lib] ==> [/pkg/compiler/intel/2024/tbb/2021.11/lib]
  collapse library dir [/pkg/compiler/intel/2024/mkl/2024.0/lib] ==> [/pkg/compiler/intel/2024/mkl/2024.0/lib]
  collapse library dir [/pkg/compiler/intel/2024/ippcp/2021.9/lib] ==> [/pkg/compiler/intel/2024/ippcp/2021.9/lib]
  collapse library dir [/pkg/compiler/intel/2024/ipp/2021.10/lib] ==> [/pkg/compiler/intel/2024/ipp/2021.10/lib]
  collapse library dir [/pkg/compiler/intel/2024/dnnl/2024.0/lib] ==> [/pkg/compiler/intel/2024/dnnl/2024.0/lib]
  collapse library dir [/pkg/compiler/intel/2024/dal/2024.0/lib] ==> [/pkg/compiler/intel/2024/dal/2024.0/lib]
  collapse library dir [/pkg/compiler/intel/2024/compiler/2024.0/lib] ==> [/pkg/compiler/intel/2024/compiler/2024.0/lib]
  collapse library dir [/pkg/compiler/intel/2024/ccl/2021.11/lib] ==> [/pkg/compiler/intel/2024/ccl/2021.11/lib]
  collapse library dir [/usr/lib/gcc/x86_64-redhat-linux/8/../../..] ==> [/usr/lib]
  implicit libs: [mpicxx;mpifort;mpi;rt;pthread;dl;stdc++;m;gcc_s;gcc;c;gcc_s;gcc]
  implicit objs: [/usr/lib64/crt1.o;/usr/lib64/crti.o;/usr/lib/gcc/x86_64-redhat-linux/8/crtbegin.o;/usr/lib/gcc/x86_64-redhat-linux/8/crtend.o;/usr/lib64/crtn.o]
  implicit dirs: [/pkg/compiler/intel/2024/mpi/2021.11/lib;/usr/lib/gcc/x86_64-redhat-linux/8;/usr/lib64;/lib64;/pkg/compiler/intel/2024/mpi/2021.11/opt/mpi/libfabric/lib;/pkg/compiler/intel/2024/tbb/2021.11/lib;/pkg/compiler/intel/2024/mkl/2024.0/lib;/pkg/compiler/intel/2024/ippcp/2021.9/lib;/pkg/compiler/intel/2024/ipp/2021.10/lib;/pkg/compiler/intel/2024/dnnl/2024.0/lib;/pkg/compiler/intel/2024/dal/2024.0/lib;/pkg/compiler/intel/2024/compiler/2024.0/lib;/pkg/compiler/intel/2024/ccl/2021.11/lib;/usr/lib]
  implicit fwks: []


